yarn run v1.22.22
$ concurrently "yarn dev:backend" "yarn dev:frontend"
[1] $ yarn workspace frontend dev
[0] $ yarn workspace backend dev
[1] $ vite
[0] warning package.json: No license field
[0] $ nodemon --watch 'src/**/*.ts' --exec 'ts-node' src/index.ts
[0] [33m[nodemon] 3.1.14[39m
[0] [33m[nodemon] to restart at any time, enter `rs`[39m
[0] [33m[nodemon] watching path(s): src/**/*.ts[39m
[0] [33m[nodemon] watching extensions: ts,json[39m
[0] [32m[nodemon] starting `ts-node src/index.ts`[39m
[1]
[1]   VITE v8.0.10  ready in 373 ms
[1]
[1]   ➜  Local:   http://localhost:5173/
[1]   ➜  Network: use --host to expose
[1] 2:40:40 AM [vite] (client) [optimizer] bundling dependencies...
[0] Error connecting to MongoDB: MongooseServerSelectionError: connect ECONNREFUSED ::1:27017, connect ECONNREFUSED 127.0.0.1:27017
[0]     at _handleConnectionErrors (/app/node_modules/mongoose/lib/connection.js:1169:11)
[0]     at NativeConnection.openUri (/app/node_modules/mongoose/lib/connection.js:1100:11)
[0]     at async startServer (/app/backend/src/index.ts:34:5) {
[0]   errorLabelSet: Set(0) {},
[0]   reason: TopologyDescription {
[0]     type: 'Unknown',
[0]     servers: Map(1) { 'localhost:27017' => [ServerDescription] },
[0]     stale: false,
[0]     compatible: true,
[0]     heartbeatFrequencyMS: 10000,
[0]     localThresholdMS: 15,
[0]     setName: null,
[0]     maxElectionId: null,
[0]     maxSetVersion: null,
[0]     commonWireVersion: 0,
[0]     logicalSessionTimeoutMinutes: null
[0]   },
[0]   code: undefined,
[0]   cause: TopologyDescription {
[0]     type: 'Unknown',
[0]     servers: Map(1) { 'localhost:27017' => [ServerDescription] },
[0]     stale: false,
[0]     compatible: true,
[0]     heartbeatFrequencyMS: 10000,
[0]     localThresholdMS: 15,
[0]     setName: null,
[0]     maxElectionId: null,
[0]     maxSetVersion: null,
[0]     commonWireVersion: 0,
[0]     logicalSessionTimeoutMinutes: null
[0]   }
[0] }
[0] Failed to start server: Error: Query.hello defined in resolvers, but not in schema
[0]     at addResolversToSchema (/app/node_modules/@apollo/server/node_modules/@graphql-tools/schema/cjs/addResolversToSchema.js:65:35)
[0]     at makeExecutableSchema (/app/node_modules/@apollo/server/node_modules/@graphql-tools/schema/cjs/makeExecutableSchema.js:76:65)
[0]     at Function.constructSchema (/app/node_modules/@apollo/server/src/ApolloServer.ts:717:32)
[0]     at new ApolloServer (/app/node_modules/@apollo/server/src/ApolloServer.ts:257:37)
[0]     at startServer (/app/backend/src/index.ts:41:18)
[0] [32m[nodemon] clean exit - waiting for changes before restart[39m
[0] [32m[nodemon] restarting due to changes...[39m
[0] [32m[nodemon] starting `ts-node src/index.ts`[39m
[0] /app/node_modules/ts-node/src/index.ts:859
[0]     return new TSError(diagnosticText, diagnosticCodes, diagnostics);
[0]            ^
[0] TSError: ⨯ Unable to compile TypeScript:
[0] src/index.ts(9,26): error TS2307: Cannot find module './graphql/typeDefs' or its corresponding type declarations.
[0]
[0]     at createTSError (/app/node_modules/ts-node/src/index.ts:859:12)
[0]     at reportTSError (/app/node_modules/ts-node/src/index.ts:863:19)
[0]     at getOutput (/app/node_modules/ts-node/src/index.ts:1077:36)
[0]     at Object.compile (/app/node_modules/ts-node/src/index.ts:1433:41)
[0]     at Module.m._compile (/app/node_modules/ts-node/src/index.ts:1617:30)
[0]     at node:internal/modules/cjs/loader:1838:10
[0]     at Object.require.extensions.<computed> [as .ts] (/app/node_modules/ts-node/src/index.ts:1621:12)
[0]     at Module.load (node:internal/modules/cjs/loader:1441:32)
[0]     at Function._load (node:internal/modules/cjs/loader:1263:12)
[0]     at TracingChannel.traceSync (node:diagnostics_channel:328:14) {
[0]   diagnosticCodes: [ 2307 ]
[0] }
[0] [31m[nodemon] app crashed - waiting for file changes before starting...[39m
[0] [32m[nodemon] restarting due to changes...[39m
[0] [32m[nodemon] starting `ts-node src/index.ts`[39m
[0] Error connecting to MongoDB: MongooseServerSelectionError: connect ECONNREFUSED ::1:27017, connect ECONNREFUSED 127.0.0.1:27017
[0]     at _handleConnectionErrors (/app/node_modules/mongoose/lib/connection.js:1169:11)
[0]     at NativeConnection.openUri (/app/node_modules/mongoose/lib/connection.js:1100:11)
[0]     at async startServer (/app/backend/src/index.ts:37:5) {
[0]   errorLabelSet: Set(0) {},
[0]   reason: TopologyDescription {
[0]     type: 'Unknown',
[0]     servers: Map(1) { 'localhost:27017' => [ServerDescription] },
[0]     stale: false,
[0]     compatible: true,
[0]     heartbeatFrequencyMS: 10000,
[0]     localThresholdMS: 15,
[0]     setName: null,
[0]     maxElectionId: null,
[0]     maxSetVersion: null,
[0]     commonWireVersion: 0,
[0]     logicalSessionTimeoutMinutes: null
[0]   },
[0]   code: undefined,
[0]   cause: TopologyDescription {
[0]     type: 'Unknown',
[0]     servers: Map(1) { 'localhost:27017' => [ServerDescription] },
[0]     stale: false,
[0]     compatible: true,
[0]     heartbeatFrequencyMS: 10000,
[0]     localThresholdMS: 15,
[0]     setName: null,
[0]     maxElectionId: null,
[0]     maxSetVersion: null,
[0]     commonWireVersion: 0,
[0]     logicalSessionTimeoutMinutes: null
[0]   }
[0] }
[0] Server is running at http://localhost:4000
[0] GraphQL endpoint at http://localhost:4000/graphql
[1] yarn dev:frontend exited with code SIGTERM
[0] yarn dev:backend exited with code SIGTERM
