yarn run v1.22.22
$ concurrently "yarn dev:backend" "yarn dev:frontend"
[0] $ yarn workspace backend dev
[1] $ yarn workspace frontend dev
[0] warning package.json: No license field
[0] $ nodemon --watch 'src/**/*.ts' --exec 'ts-node' src/index.ts
[1] $ vite
[0] [33m[nodemon] 3.1.14[39m
[0] [33m[nodemon] to restart at any time, enter `rs`[39m
[0] [33m[nodemon] watching path(s): src/**/*.ts[39m
[0] [33m[nodemon] watching extensions: ts,json[39m
[0] [32m[nodemon] starting `ts-node src/index.ts`[39m
[1]
[1]   VITE v8.0.10  ready in 329 ms
[1]
[1]   ➜  Local:   http://localhost:5173/
[1]   ➜  Network: use --host to expose
[1] 10:52:23 AM [vite] (client) [optimizer] bundling dependencies...
[0] Error connecting to MongoDB: MongooseServerSelectionError: connect ECONNREFUSED ::1:27017, connect ECONNREFUSED 127.0.0.1:27017
[0]     at _handleConnectionErrors (/app/node_modules/mongoose/lib/connection.js:1169:11)
[0]     at NativeConnection.openUri (/app/node_modules/mongoose/lib/connection.js:1100:11)
[0]     at async startServer (/app/backend/src/index.ts:34:5) {
[0]   errorLabelSet: Set(0) {},
[0]   reason: TopologyDescription {
[0]     type: 'Unknown',
[0]     servers: Map(1) { 'localhost:27017' => [ServerDescription] },
[0]     stale: false,
[0]     compatible: true,
[0]     heartbeatFrequencyMS: 10000,
[0]     localThresholdMS: 15,
[0]     setName: null,
[0]     maxElectionId: null,
[0]     maxSetVersion: null,
[0]     commonWireVersion: 0,
[0]     logicalSessionTimeoutMinutes: null
[0]   },
[0]   code: undefined,
[0]   cause: TopologyDescription {
[0]     type: 'Unknown',
[0]     servers: Map(1) { 'localhost:27017' => [ServerDescription] },
[0]     stale: false,
[0]     compatible: true,
[0]     heartbeatFrequencyMS: 10000,
[0]     localThresholdMS: 15,
[0]     setName: null,
[0]     maxElectionId: null,
[0]     maxSetVersion: null,
[0]     commonWireVersion: 0,
[0]     logicalSessionTimeoutMinutes: null
[0]   }
[0] }
[0] Server is running at http://localhost:4000
[0] GraphQL endpoint at http://localhost:4000/graphql
